<?xml version="1.0" encoding="UTF-8"?>
<testng-results ignored="0" total="2" passed="2" failed="0" skipped="0">
  <reporter-output>
  </reporter-output>
  <suite started-at="2024-09-28T17:02:55 IST" name="Default suite" finished-at="2024-09-28T17:02:57 IST" duration-ms="1833">
    <groups>
    </groups>
    <test started-at="2024-09-28T17:02:55 IST" name="Default test" finished-at="2024-09-28T17:02:57 IST" duration-ms="1833">
      <class name="exceldata.xldatacls">
        <test-method signature="printdt(java.lang.String,java.lang.String)[pri:0, instance:exceldata.xldatacls@48f278eb]" started-at="2024-09-28T17:02:57 IST" name="printdt" data-provider="xldata" finished-at="2024-09-28T17:02:57 IST" duration-ms="29" status="PASS">
          <params>
            <param index="0">
              <value>
                <![CDATA[Name]]>
              </value>
            </param>
            <param index="1">
              <value>
                <![CDATA[Gender]]>
              </value>
            </param>
          </params>
          <reporter-output>
          </reporter-output>
        </test-method> <!-- printdt -->
        <test-method signature="printdt(java.lang.String,java.lang.String)[pri:0, instance:exceldata.xldatacls@48f278eb]" started-at="2024-09-28T17:02:57 IST" name="printdt" data-provider="xldata" finished-at="2024-09-28T17:02:57 IST" duration-ms="47" status="PASS">
          <params>
            <param index="0">
              <value>
                <![CDATA[Aiswarya]]>
              </value>
            </param>
            <param index="1">
              <value>
                <![CDATA[Female]]>
              </value>
            </param>
          </params>
          <reporter-output>
          </reporter-output>
        </test-method> <!-- printdt -->
      </class> <!-- exceldata.xldatacls -->
    </test> <!-- Default test -->
  </suite> <!-- Default suite -->
</testng-results>
